<?xml version="1.0" encoding="UTF-8"?>
<!-- Generated by org.testng.reporters.JUnitXMLReporter -->
<testsuite hostname="DESKTOP-9BEN8RE" ignored="0" name="Default test" tests="15" failures="0" timestamp="08 jul 2019 23:38:42 GMT" time="7.054" errors="0">
  <testcase name="Step1" time="0.089" classname="INTIVE_FDV.Automation.Exercise"/>
  <testcase name="Step2" time="0.058" classname="INTIVE_FDV.Automation.Exercise"/>
  <testcase name="Step3" time="0.054" classname="INTIVE_FDV.Automation.Exercise"/>
  <testcase name="Step4" time="0.025" classname="INTIVE_FDV.Automation.Exercise"/>
  <testcase name="Step5" time="0.056" classname="INTIVE_FDV.Automation.Exercise"/>
  <testcase name="Step6" time="0.046" classname="INTIVE_FDV.Automation.Exercise"/>
  <testcase name="Step7" time="0.072" classname="INTIVE_FDV.Automation.Exercise"/>
  <testcase name="Step8" time="0.064" classname="INTIVE_FDV.Automation.Exercise"/>
  <testcase name="Step9" time="0.054" classname="INTIVE_FDV.Automation.Exercise"/>
  <testcase name="Step10" time="0.03" classname="INTIVE_FDV.Automation.Exercise"/>
  <testcase name="Step11" time="0.052" classname="INTIVE_FDV.Automation.Exercise"/>
  <testcase name="Step12" time="3.828" classname="INTIVE_FDV.Automation.Exercise"/>
  <testcase name="Step13" time="0.008" classname="INTIVE_FDV.Automation.Exercise"/>
  <testcase name="Step14" time="0.054" classname="INTIVE_FDV.Automation.Exercise"/>
  <testcase name="Verify" time="0.551" classname="INTIVE_FDV.Automation.Exercise"/>
</testsuite> <!-- Default test -->
