<?xml version="1.0" encoding="UTF-8"?>
<!-- Generated by org.testng.reporters.JUnitXMLReporter -->
<testsuite hostname="DESKTOP-9BEN8RE" ignored="0" name="Default test" tests="15" failures="0" timestamp="09 jul 2019 00:38:37 GMT" time="9.287" errors="0">
  <testcase name="Step1" time="0.085" classname="INTIVE_FDV.Automation.Exercise"/>
  <testcase name="Step2" time="0.063" classname="INTIVE_FDV.Automation.Exercise"/>
  <testcase name="Step3" time="0.057" classname="INTIVE_FDV.Automation.Exercise"/>
  <testcase name="Step4" time="0.027" classname="INTIVE_FDV.Automation.Exercise"/>
  <testcase name="Step5" time="0.059" classname="INTIVE_FDV.Automation.Exercise"/>
  <testcase name="Step6" time="0.041" classname="INTIVE_FDV.Automation.Exercise"/>
  <testcase name="Step7" time="0.07" classname="INTIVE_FDV.Automation.Exercise"/>
  <testcase name="Step8" time="0.069" classname="INTIVE_FDV.Automation.Exercise"/>
  <testcase name="Step9" time="0.047" classname="INTIVE_FDV.Automation.Exercise"/>
  <testcase name="Step10" time="0.028" classname="INTIVE_FDV.Automation.Exercise"/>
  <testcase name="Step11" time="0.045" classname="INTIVE_FDV.Automation.Exercise"/>
  <testcase name="Step12" time="5.31" classname="INTIVE_FDV.Automation.Exercise"/>
  <testcase name="Step13" time="0.007" classname="INTIVE_FDV.Automation.Exercise"/>
  <testcase name="Step14" time="0.056" classname="INTIVE_FDV.Automation.Exercise"/>
  <testcase name="Verify" time="0.582" classname="INTIVE_FDV.Automation.Exercise"/>
</testsuite> <!-- Default test -->
