<?xml version="1.0" encoding="UTF-8"?>
<testng-results skipped="0" failed="0" ignored="0" total="15" passed="15">
  <reporter-output>
  </reporter-output>
  <suite name="Default suite" duration-ms="11588" started-at="2019-07-09T02:24:25Z" finished-at="2019-07-09T02:24:36Z">
    <groups>
    </groups>
    <test name="Default test" duration-ms="11588" started-at="2019-07-09T02:24:25Z" finished-at="2019-07-09T02:24:36Z">
      <class name="INTIVE_FDV.Automation.Exercise">
        <test-method status="PASS" signature="Before()[pri:0, instance:INTIVE_FDV.Automation.Exercise@51e69659]" name="Before" is-config="true" duration-ms="2498" started-at="2019-07-08T23:24:25Z" finished-at="2019-07-08T23:24:27Z">
          <reporter-output>
          </reporter-output>
        </test-method> <!-- Before -->
        <test-method status="PASS" signature="Step1()[pri:1, instance:INTIVE_FDV.Automation.Exercise@51e69659]" name="Step1" duration-ms="107" started-at="2019-07-08T23:24:27Z" finished-at="2019-07-08T23:24:27Z">
          <reporter-output>
          </reporter-output>
        </test-method> <!-- Step1 -->
        <test-method status="PASS" signature="Step2()[pri:2, instance:INTIVE_FDV.Automation.Exercise@51e69659]" name="Step2" duration-ms="61" started-at="2019-07-08T23:24:27Z" finished-at="2019-07-08T23:24:27Z">
          <reporter-output>
          </reporter-output>
        </test-method> <!-- Step2 -->
        <test-method status="PASS" signature="Step3()[pri:3, instance:INTIVE_FDV.Automation.Exercise@51e69659]" name="Step3" duration-ms="35" started-at="2019-07-08T23:24:27Z" finished-at="2019-07-08T23:24:27Z">
          <reporter-output>
          </reporter-output>
        </test-method> <!-- Step3 -->
        <test-method status="PASS" signature="Step4()[pri:4, instance:INTIVE_FDV.Automation.Exercise@51e69659]" name="Step4" duration-ms="26" started-at="2019-07-08T23:24:27Z" finished-at="2019-07-08T23:24:27Z">
          <reporter-output>
          </reporter-output>
        </test-method> <!-- Step4 -->
        <test-method status="PASS" signature="Step5()[pri:5, instance:INTIVE_FDV.Automation.Exercise@51e69659]" name="Step5" duration-ms="64" started-at="2019-07-08T23:24:27Z" finished-at="2019-07-08T23:24:27Z">
          <reporter-output>
          </reporter-output>
        </test-method> <!-- Step5 -->
        <test-method status="PASS" signature="Step6()[pri:6, instance:INTIVE_FDV.Automation.Exercise@51e69659]" name="Step6" duration-ms="39" started-at="2019-07-08T23:24:27Z" finished-at="2019-07-08T23:24:27Z">
          <reporter-output>
          </reporter-output>
        </test-method> <!-- Step6 -->
        <test-method status="PASS" signature="Step7()[pri:7, instance:INTIVE_FDV.Automation.Exercise@51e69659]" name="Step7" duration-ms="55" started-at="2019-07-08T23:24:27Z" finished-at="2019-07-08T23:24:27Z">
          <reporter-output>
          </reporter-output>
        </test-method> <!-- Step7 -->
        <test-method status="PASS" signature="Step8()[pri:8, instance:INTIVE_FDV.Automation.Exercise@51e69659]" name="Step8" duration-ms="54" started-at="2019-07-08T23:24:27Z" finished-at="2019-07-08T23:24:28Z">
          <reporter-output>
          </reporter-output>
        </test-method> <!-- Step8 -->
        <test-method status="PASS" signature="Step9()[pri:9, instance:INTIVE_FDV.Automation.Exercise@51e69659]" name="Step9" duration-ms="46" started-at="2019-07-08T23:24:28Z" finished-at="2019-07-08T23:24:28Z">
          <reporter-output>
          </reporter-output>
        </test-method> <!-- Step9 -->
        <test-method status="PASS" signature="Step10()[pri:10, instance:INTIVE_FDV.Automation.Exercise@51e69659]" name="Step10" duration-ms="33" started-at="2019-07-08T23:24:28Z" finished-at="2019-07-08T23:24:28Z">
          <reporter-output>
          </reporter-output>
        </test-method> <!-- Step10 -->
        <test-method status="PASS" signature="Step11()[pri:11, instance:INTIVE_FDV.Automation.Exercise@51e69659]" name="Step11" duration-ms="52" started-at="2019-07-08T23:24:28Z" finished-at="2019-07-08T23:24:28Z">
          <reporter-output>
          </reporter-output>
        </test-method> <!-- Step11 -->
        <test-method status="PASS" signature="Step12()[pri:12, instance:INTIVE_FDV.Automation.Exercise@51e69659]" name="Step12" duration-ms="7879" started-at="2019-07-08T23:24:28Z" finished-at="2019-07-08T23:24:36Z">
          <reporter-output>
          </reporter-output>
        </test-method> <!-- Step12 -->
        <test-method status="PASS" signature="Step13()[pri:13, instance:INTIVE_FDV.Automation.Exercise@51e69659]" name="Step13" duration-ms="6" started-at="2019-07-08T23:24:36Z" finished-at="2019-07-08T23:24:36Z">
          <reporter-output>
          </reporter-output>
        </test-method> <!-- Step13 -->
        <test-method status="PASS" signature="Step14()[pri:14, instance:INTIVE_FDV.Automation.Exercise@51e69659]" name="Step14" duration-ms="43" started-at="2019-07-08T23:24:36Z" finished-at="2019-07-08T23:24:36Z">
          <reporter-output>
          </reporter-output>
        </test-method> <!-- Step14 -->
        <test-method status="PASS" signature="Verify()[pri:15, instance:INTIVE_FDV.Automation.Exercise@51e69659]" name="Verify" duration-ms="561" started-at="2019-07-08T23:24:36Z" finished-at="2019-07-08T23:24:36Z">
          <reporter-output>
          </reporter-output>
        </test-method> <!-- Verify -->
        <test-method status="PASS" signature="tearDown()[pri:0, instance:INTIVE_FDV.Automation.Exercise@51e69659]" name="tearDown" is-config="true" duration-ms="0" started-at="2019-07-08T23:24:36Z" finished-at="2019-07-08T23:24:36Z">
          <reporter-output>
          </reporter-output>
        </test-method> <!-- tearDown -->
      </class> <!-- INTIVE_FDV.Automation.Exercise -->
    </test> <!-- Default test -->
  </suite> <!-- Default suite -->
</testng-results>
